2017-01-10 13:14:58,065 [main] INFO  org.eclipse.jetty.util.log - Logging initialized @602142ms
2017-01-10 13:14:58,244 [main] INFO  org.eclipse.jetty.server.Server - jetty-9.2.13.v20150730
2017-01-10 13:14:58,279 [main] INFO  o.e.j.server.handler.ContextHandler - Started o.e.j.s.ServletContextHandler@22e60287{/wse,null,AVAILABLE}
2017-01-10 13:14:58,296 [main] INFO  o.e.jetty.server.ServerConnector - Started ServerConnector@2e79cc2e{HTTP/1.1}{0.0.0.0:6200}
2017-01-10 13:14:58,296 [main] INFO  org.eclipse.jetty.server.Server - Started @602404ms
2017-01-10 13:15:08,337 [qtp867102358-148] WARN  org.eclipse.jetty.server.Request - 
java.io.IOException: Missing content for multipart request
	at org.eclipse.jetty.util.MultiPartInputStreamParser.parse(MultiPartInputStreamParser.java:491) ~[org.eclipse.jetty.util_9.2.13.v20150730.jar:9.2.13.v20150730]
	at org.eclipse.jetty.util.MultiPartInputStreamParser.getParts(MultiPartInputStreamParser.java:400) ~[org.eclipse.jetty.util_9.2.13.v20150730.jar:9.2.13.v20150730]
	at org.eclipse.jetty.server.Request.getParts(Request.java:2139) [org.eclipse.jetty.server_9.2.13.v20150730.jar:9.2.13.v20150730]
	at org.eclipse.jetty.server.Request.extractMultipartParameters(Request.java:385) [org.eclipse.jetty.server_9.2.13.v20150730.jar:9.2.13.v20150730]
	at org.eclipse.jetty.server.Request.extractContentParameters(Request.java:308) [org.eclipse.jetty.server_9.2.13.v20150730.jar:9.2.13.v20150730]
	at org.eclipse.jetty.server.Request.extractParameters(Request.java:256) [org.eclipse.jetty.server_9.2.13.v20150730.jar:9.2.13.v20150730]
	at org.eclipse.jetty.server.Request.getParameterMap(Request.java:839) [org.eclipse.jetty.server_9.2.13.v20150730.jar:9.2.13.v20150730]
	at org.eclipse.equinox.http.servlet.internal.servlet.HttpServletRequestBuilderWrapperImpl.getParameterMap(HttpServletRequestBuilderWrapperImpl.java:96) [org.eclipse.equinox.http.servlet_1.2.1.v20150828-1818.jar:na]
	at org.eclipse.equinox.http.servlet.internal.servlet.HttpServletRequestBuilderWrapperImpl.push(HttpServletRequestBuilderWrapperImpl.java:255) [org.eclipse.equinox.http.servlet_1.2.1.v20150828-1818.jar:na]
	at org.eclipse.equinox.http.servlet.internal.context.DispatchTargets.doDispatch(DispatchTargets.java:91) [org.eclipse.equinox.http.servlet_1.2.1.v20150828-1818.jar:na]
	at org.eclipse.equinox.http.servlet.internal.servlet.RequestDispatcherAdaptor.include(RequestDispatcherAdaptor.java:45) [org.eclipse.equinox.http.servlet_1.2.1.v20150828-1818.jar:na]
	at org.apache.jasper.runtime.JspRuntimeLibrary.include(JspRuntimeLibrary.java:1015) [org.apache.jasper.glassfish_2.2.2.v201501141630.jar:na]
	at org.apache.jsp.wsdl.actions.InvokeWSDLSOAPOperationFormActionJSP_jsp._jspService(org.apache.jsp.wsdl.actions.InvokeWSDLSOAPOperationFormActionJSP_jsp:143) [na:na]
	at org.apache.jasper.runtime.HttpJspBase.service(HttpJspBase.java:111) [org.apache.jasper.glassfish_2.2.2.v201501141630.jar:na]
	at javax.servlet.http.HttpServlet.service(HttpServlet.java:790) [javax.servlet_3.1.0.v201410161800.jar:3.1.0]
	at org.apache.jasper.servlet.JspServletWrapper.service(JspServletWrapper.java:403) [org.apache.jasper.glassfish_2.2.2.v201501141630.jar:na]
	at org.apache.jasper.servlet.JspServlet.serviceJspFile(JspServlet.java:492) [org.apache.jasper.glassfish_2.2.2.v201501141630.jar:na]
	at org.apache.jasper.servlet.JspServlet.service(JspServlet.java:378) [org.apache.jasper.glassfish_2.2.2.v201501141630.jar:na]
	at javax.servlet.http.HttpServlet.service(HttpServlet.java:790) [javax.servlet_3.1.0.v201410161800.jar:3.1.0]
	at org.eclipse.equinox.jsp.jasper.JspServlet.service(JspServlet.java:155) [org.eclipse.equinox.jsp.jasper_1.0.500.v20150119-1358.jar:na]
	at javax.servlet.http.HttpServlet.service(HttpServlet.java:790) [javax.servlet_3.1.0.v201410161800.jar:3.1.0]
	at org.eclipse.equinox.http.registry.internal.ServletManager$ServletWrapper.service(ServletManager.java:180) [org.eclipse.equinox.http.registry_1.1.300.v20130402-1529.jar:na]
	at org.eclipse.equinox.http.servlet.internal.HttpServiceRuntimeImpl$LegacyServlet.service(HttpServiceRuntimeImpl.java:1232) [org.eclipse.equinox.http.servlet_1.2.1.v20150828-1818.jar:na]
	at org.eclipse.equinox.http.servlet.internal.registration.EndpointRegistration.service(EndpointRegistration.java:153) [org.eclipse.equinox.http.servlet_1.2.1.v20150828-1818.jar:na]
	at org.eclipse.equinox.http.servlet.internal.servlet.ResponseStateHandler.processRequest(ResponseStateHandler.java:63) [org.eclipse.equinox.http.servlet_1.2.1.v20150828-1818.jar:na]
	at org.eclipse.equinox.http.servlet.internal.context.DispatchTargets.doDispatch(DispatchTargets.java:98) [org.eclipse.equinox.http.servlet_1.2.1.v20150828-1818.jar:na]
	at org.eclipse.equinox.http.servlet.internal.HttpServiceRuntimeImpl.doDispatch(HttpServiceRuntimeImpl.java:372) [org.eclipse.equinox.http.servlet_1.2.1.v20150828-1818.jar:na]
	at org.eclipse.equinox.http.servlet.internal.servlet.ProxyServlet.service(ProxyServlet.java:70) [org.eclipse.equinox.http.servlet_1.2.1.v20150828-1818.jar:na]
	at javax.servlet.http.HttpServlet.service(HttpServlet.java:790) [javax.servlet_3.1.0.v201410161800.jar:3.1.0]
	at org.eclipse.equinox.http.jetty.internal.HttpServerManager$InternalHttpServiceServlet.service(HttpServerManager.java:357) [org.eclipse.equinox.http.jetty_3.1.1.v20150818-2108.jar:na]
	at org.eclipse.jetty.servlet.ServletHolder.handle(ServletHolder.java:808) [org.eclipse.jetty.servlet_9.2.13.v20150730.jar:9.2.13.v20150730]
	at org.eclipse.jetty.servlet.ServletHandler.doHandle(ServletHandler.java:587) [org.eclipse.jetty.servlet_9.2.13.v20150730.jar:9.2.13.v20150730]
	at org.eclipse.jetty.server.session.SessionHandler.doHandle(SessionHandler.java:221) [org.eclipse.jetty.server_9.2.13.v20150730.jar:9.2.13.v20150730]
	at org.eclipse.jetty.server.handler.ContextHandler.doHandle(ContextHandler.java:1127) [org.eclipse.jetty.server_9.2.13.v20150730.jar:9.2.13.v20150730]
	at org.eclipse.jetty.servlet.ServletHandler.doScope(ServletHandler.java:515) [org.eclipse.jetty.servlet_9.2.13.v20150730.jar:9.2.13.v20150730]
	at org.eclipse.jetty.server.session.SessionHandler.doScope(SessionHandler.java:185) [org.eclipse.jetty.server_9.2.13.v20150730.jar:9.2.13.v20150730]
	at org.eclipse.jetty.server.handler.ContextHandler.doScope(ContextHandler.java:1061) [org.eclipse.jetty.server_9.2.13.v20150730.jar:9.2.13.v20150730]
	at org.eclipse.jetty.server.handler.ScopedHandler.handle(ScopedHandler.java:141) [org.eclipse.jetty.server_9.2.13.v20150730.jar:9.2.13.v20150730]
	at org.eclipse.jetty.server.handler.HandlerWrapper.handle(HandlerWrapper.java:97) [org.eclipse.jetty.server_9.2.13.v20150730.jar:9.2.13.v20150730]
	at org.eclipse.jetty.server.Server.handle(Server.java:499) [org.eclipse.jetty.server_9.2.13.v20150730.jar:9.2.13.v20150730]
	at org.eclipse.jetty.server.HttpChannel.handle(HttpChannel.java:310) [org.eclipse.jetty.server_9.2.13.v20150730.jar:9.2.13.v20150730]
	at org.eclipse.jetty.server.HttpConnection.onFillable(HttpConnection.java:257) [org.eclipse.jetty.server_9.2.13.v20150730.jar:9.2.13.v20150730]
	at org.eclipse.jetty.io.AbstractConnection$2.run(AbstractConnection.java:540) [org.eclipse.jetty.io_9.2.13.v20150730.jar:9.2.13.v20150730]
	at org.eclipse.jetty.util.thread.QueuedThreadPool.runJob(QueuedThreadPool.java:635) [org.eclipse.jetty.util_9.2.13.v20150730.jar:9.2.13.v20150730]
	at org.eclipse.jetty.util.thread.QueuedThreadPool$3.run(QueuedThreadPool.java:555) [org.eclipse.jetty.util_9.2.13.v20150730.jar:9.2.13.v20150730]
	at java.lang.Thread.run(Unknown Source) [na:1.8.0_51]
2017-01-10 13:15:08,350 [qtp867102358-148] WARN  o.e.jetty.servlet.ServletHandler - 
org.apache.jasper.JasperException: java.lang.RuntimeException: java.io.IOException: Missing content for multipart request
	at org.apache.jasper.servlet.JspServletWrapper.service(JspServletWrapper.java:432) ~[na:na]
	at org.apache.jasper.servlet.JspServlet.serviceJspFile(JspServlet.java:492) ~[na:na]
	at org.apache.jasper.servlet.JspServlet.service(JspServlet.java:378) ~[na:na]
	at javax.servlet.http.HttpServlet.service(HttpServlet.java:790) ~[javax.servlet_3.1.0.v201410161800.jar:3.1.0]
	at org.eclipse.equinox.jsp.jasper.JspServlet.service(JspServlet.java:155) ~[na:na]
	at javax.servlet.http.HttpServlet.service(HttpServlet.java:790) ~[javax.servlet_3.1.0.v201410161800.jar:3.1.0]
	at org.eclipse.equinox.http.registry.internal.ServletManager$ServletWrapper.service(ServletManager.java:180) ~[na:na]
	at org.eclipse.equinox.http.servlet.internal.HttpServiceRuntimeImpl$LegacyServlet.service(HttpServiceRuntimeImpl.java:1232) ~[na:na]
	at org.eclipse.equinox.http.servlet.internal.registration.EndpointRegistration.service(EndpointRegistration.java:153) ~[na:na]
	at org.eclipse.equinox.http.servlet.internal.servlet.ResponseStateHandler.processRequest(ResponseStateHandler.java:63) ~[na:na]
	at org.eclipse.equinox.http.servlet.internal.context.DispatchTargets.doDispatch(DispatchTargets.java:98) ~[na:na]
	at org.eclipse.equinox.http.servlet.internal.HttpServiceRuntimeImpl.doDispatch(HttpServiceRuntimeImpl.java:372) ~[na:na]
	at org.eclipse.equinox.http.servlet.internal.servlet.ProxyServlet.service(ProxyServlet.java:70) ~[na:na]
	at javax.servlet.http.HttpServlet.service(HttpServlet.java:790) ~[javax.servlet_3.1.0.v201410161800.jar:3.1.0]
	at org.eclipse.equinox.http.jetty.internal.HttpServerManager$InternalHttpServiceServlet.service(HttpServerManager.java:357) ~[org.eclipse.equinox.http.jetty_3.1.1.v20150818-2108.jar:na]
	at org.eclipse.jetty.servlet.ServletHolder.handle(ServletHolder.java:808) ~[org.eclipse.jetty.servlet_9.2.13.v20150730.jar:9.2.13.v20150730]
	at org.eclipse.jetty.servlet.ServletHandler.doHandle(ServletHandler.java:587) [org.eclipse.jetty.servlet_9.2.13.v20150730.jar:9.2.13.v20150730]
	at org.eclipse.jetty.server.session.SessionHandler.doHandle(SessionHandler.java:221) [org.eclipse.jetty.server_9.2.13.v20150730.jar:9.2.13.v20150730]
	at org.eclipse.jetty.server.handler.ContextHandler.doHandle(ContextHandler.java:1127) [org.eclipse.jetty.server_9.2.13.v20150730.jar:9.2.13.v20150730]
	at org.eclipse.jetty.servlet.ServletHandler.doScope(ServletHandler.java:515) [org.eclipse.jetty.servlet_9.2.13.v20150730.jar:9.2.13.v20150730]
	at org.eclipse.jetty.server.session.SessionHandler.doScope(SessionHandler.java:185) [org.eclipse.jetty.server_9.2.13.v20150730.jar:9.2.13.v20150730]
	at org.eclipse.jetty.server.handler.ContextHandler.doScope(ContextHandler.java:1061) [org.eclipse.jetty.server_9.2.13.v20150730.jar:9.2.13.v20150730]
	at org.eclipse.jetty.server.handler.ScopedHandler.handle(ScopedHandler.java:141) [org.eclipse.jetty.server_9.2.13.v20150730.jar:9.2.13.v20150730]
	at org.eclipse.jetty.server.handler.HandlerWrapper.handle(HandlerWrapper.java:97) [org.eclipse.jetty.server_9.2.13.v20150730.jar:9.2.13.v20150730]
	at org.eclipse.jetty.server.Server.handle(Server.java:499) [org.eclipse.jetty.server_9.2.13.v20150730.jar:9.2.13.v20150730]
	at org.eclipse.jetty.server.HttpChannel.handle(HttpChannel.java:310) [org.eclipse.jetty.server_9.2.13.v20150730.jar:9.2.13.v20150730]
	at org.eclipse.jetty.server.HttpConnection.onFillable(HttpConnection.java:257) [org.eclipse.jetty.server_9.2.13.v20150730.jar:9.2.13.v20150730]
	at org.eclipse.jetty.io.AbstractConnection$2.run(AbstractConnection.java:540) [org.eclipse.jetty.io_9.2.13.v20150730.jar:9.2.13.v20150730]
	at org.eclipse.jetty.util.thread.QueuedThreadPool.runJob(QueuedThreadPool.java:635) [org.eclipse.jetty.util_9.2.13.v20150730.jar:9.2.13.v20150730]
	at org.eclipse.jetty.util.thread.QueuedThreadPool$3.run(QueuedThreadPool.java:555) [org.eclipse.jetty.util_9.2.13.v20150730.jar:9.2.13.v20150730]
	at java.lang.Thread.run(Unknown Source) [na:1.8.0_51]
Caused by: java.lang.RuntimeException: java.io.IOException: Missing content for multipart request
	at org.eclipse.jetty.server.Request.extractMultipartParameters(Request.java:390) ~[org.eclipse.jetty.server_9.2.13.v20150730.jar:9.2.13.v20150730]
	at org.eclipse.jetty.server.Request.extractContentParameters(Request.java:308) ~[org.eclipse.jetty.server_9.2.13.v20150730.jar:9.2.13.v20150730]
	at org.eclipse.jetty.server.Request.extractParameters(Request.java:256) ~[org.eclipse.jetty.server_9.2.13.v20150730.jar:9.2.13.v20150730]
	at org.eclipse.jetty.server.Request.getParameterMap(Request.java:839) ~[org.eclipse.jetty.server_9.2.13.v20150730.jar:9.2.13.v20150730]
	at org.eclipse.equinox.http.servlet.internal.servlet.HttpServletRequestBuilderWrapperImpl.getParameterMap(HttpServletRequestBuilderWrapperImpl.java:96) ~[na:na]
	at org.eclipse.equinox.http.servlet.internal.servlet.HttpServletRequestBuilderWrapperImpl.push(HttpServletRequestBuilderWrapperImpl.java:255) ~[na:na]
	at org.eclipse.equinox.http.servlet.internal.context.DispatchTargets.doDispatch(DispatchTargets.java:91) ~[na:na]
	at org.eclipse.equinox.http.servlet.internal.servlet.RequestDispatcherAdaptor.include(RequestDispatcherAdaptor.java:45) ~[na:na]
	at org.apache.jasper.runtime.JspRuntimeLibrary.include(JspRuntimeLibrary.java:1015) ~[na:na]
	at org.apache.jsp.wsdl.actions.InvokeWSDLSOAPOperationFormActionJSP_jsp._jspService(org.apache.jsp.wsdl.actions.InvokeWSDLSOAPOperationFormActionJSP_jsp:143) ~[na:na]
	at org.apache.jasper.runtime.HttpJspBase.service(HttpJspBase.java:111) ~[na:na]
	at javax.servlet.http.HttpServlet.service(HttpServlet.java:790) ~[javax.servlet_3.1.0.v201410161800.jar:3.1.0]
	at org.apache.jasper.servlet.JspServletWrapper.service(JspServletWrapper.java:403) ~[na:na]
	... 30 common frames omitted
Caused by: java.io.IOException: Missing content for multipart request
	at org.eclipse.jetty.util.MultiPartInputStreamParser.parse(MultiPartInputStreamParser.java:491) ~[org.eclipse.jetty.util_9.2.13.v20150730.jar:9.2.13.v20150730]
	at org.eclipse.jetty.util.MultiPartInputStreamParser.getParts(MultiPartInputStreamParser.java:400) ~[org.eclipse.jetty.util_9.2.13.v20150730.jar:9.2.13.v20150730]
	at org.eclipse.jetty.server.Request.getParts(Request.java:2139) ~[org.eclipse.jetty.server_9.2.13.v20150730.jar:9.2.13.v20150730]
	at org.eclipse.jetty.server.Request.extractMultipartParameters(Request.java:385) ~[org.eclipse.jetty.server_9.2.13.v20150730.jar:9.2.13.v20150730]
	... 42 common frames omitted
2017-01-10 13:15:08,360 [qtp867102358-148] WARN  o.eclipse.jetty.server.HttpChannel - /wse/wsdl/actions/InvokeWSDLSOAPOperationFormActionJSP.jsp
org.apache.jasper.JasperException: java.lang.RuntimeException: java.io.IOException: Missing content for multipart request
	at org.apache.jasper.servlet.JspServletWrapper.service(JspServletWrapper.java:432) ~[na:na]
	at org.apache.jasper.servlet.JspServlet.serviceJspFile(JspServlet.java:492) ~[na:na]
	at org.apache.jasper.servlet.JspServlet.service(JspServlet.java:378) ~[na:na]
	at javax.servlet.http.HttpServlet.service(HttpServlet.java:790) ~[javax.servlet_3.1.0.v201410161800.jar:3.1.0]
	at org.eclipse.equinox.jsp.jasper.JspServlet.service(JspServlet.java:155) ~[na:na]
	at javax.servlet.http.HttpServlet.service(HttpServlet.java:790) ~[javax.servlet_3.1.0.v201410161800.jar:3.1.0]
	at org.eclipse.equinox.http.registry.internal.ServletManager$ServletWrapper.service(ServletManager.java:180) ~[na:na]
	at org.eclipse.equinox.http.servlet.internal.HttpServiceRuntimeImpl$LegacyServlet.service(HttpServiceRuntimeImpl.java:1232) ~[na:na]
	at org.eclipse.equinox.http.servlet.internal.registration.EndpointRegistration.service(EndpointRegistration.java:153) ~[na:na]
	at org.eclipse.equinox.http.servlet.internal.servlet.ResponseStateHandler.processRequest(ResponseStateHandler.java:63) ~[na:na]
	at org.eclipse.equinox.http.servlet.internal.context.DispatchTargets.doDispatch(DispatchTargets.java:98) ~[na:na]
	at org.eclipse.equinox.http.servlet.internal.HttpServiceRuntimeImpl.doDispatch(HttpServiceRuntimeImpl.java:372) ~[na:na]
	at org.eclipse.equinox.http.servlet.internal.servlet.ProxyServlet.service(ProxyServlet.java:70) ~[na:na]
	at javax.servlet.http.HttpServlet.service(HttpServlet.java:790) ~[javax.servlet_3.1.0.v201410161800.jar:3.1.0]
	at org.eclipse.equinox.http.jetty.internal.HttpServerManager$InternalHttpServiceServlet.service(HttpServerManager.java:357) ~[na:na]
	at org.eclipse.jetty.servlet.ServletHolder.handle(ServletHolder.java:808) ~[na:na]
	at org.eclipse.jetty.servlet.ServletHandler.doHandle(ServletHandler.java:587) ~[na:na]
	at org.eclipse.jetty.server.session.SessionHandler.doHandle(SessionHandler.java:221) ~[org.eclipse.jetty.server_9.2.13.v20150730.jar:9.2.13.v20150730]
	at org.eclipse.jetty.server.handler.ContextHandler.doHandle(ContextHandler.java:1127) ~[org.eclipse.jetty.server_9.2.13.v20150730.jar:9.2.13.v20150730]
	at org.eclipse.jetty.servlet.ServletHandler.doScope(ServletHandler.java:515) ~[na:na]
	at org.eclipse.jetty.server.session.SessionHandler.doScope(SessionHandler.java:185) ~[org.eclipse.jetty.server_9.2.13.v20150730.jar:9.2.13.v20150730]
	at org.eclipse.jetty.server.handler.ContextHandler.doScope(ContextHandler.java:1061) ~[org.eclipse.jetty.server_9.2.13.v20150730.jar:9.2.13.v20150730]
	at org.eclipse.jetty.server.handler.ScopedHandler.handle(ScopedHandler.java:141) ~[org.eclipse.jetty.server_9.2.13.v20150730.jar:9.2.13.v20150730]
	at org.eclipse.jetty.server.handler.HandlerWrapper.handle(HandlerWrapper.java:97) ~[org.eclipse.jetty.server_9.2.13.v20150730.jar:9.2.13.v20150730]
	at org.eclipse.jetty.server.Server.handle(Server.java:499) ~[org.eclipse.jetty.server_9.2.13.v20150730.jar:9.2.13.v20150730]
	at org.eclipse.jetty.server.HttpChannel.handle(HttpChannel.java:310) ~[org.eclipse.jetty.server_9.2.13.v20150730.jar:9.2.13.v20150730]
	at org.eclipse.jetty.server.HttpConnection.onFillable(HttpConnection.java:257) [org.eclipse.jetty.server_9.2.13.v20150730.jar:9.2.13.v20150730]
	at org.eclipse.jetty.io.AbstractConnection$2.run(AbstractConnection.java:540) [org.eclipse.jetty.io_9.2.13.v20150730.jar:9.2.13.v20150730]
	at org.eclipse.jetty.util.thread.QueuedThreadPool.runJob(QueuedThreadPool.java:635) [org.eclipse.jetty.util_9.2.13.v20150730.jar:9.2.13.v20150730]
	at org.eclipse.jetty.util.thread.QueuedThreadPool$3.run(QueuedThreadPool.java:555) [org.eclipse.jetty.util_9.2.13.v20150730.jar:9.2.13.v20150730]
	at java.lang.Thread.run(Unknown Source) [na:1.8.0_51]
Caused by: java.lang.RuntimeException: java.io.IOException: Missing content for multipart request
	at org.eclipse.jetty.server.Request.extractMultipartParameters(Request.java:390) ~[org.eclipse.jetty.server_9.2.13.v20150730.jar:9.2.13.v20150730]
	at org.eclipse.jetty.server.Request.extractContentParameters(Request.java:308) ~[org.eclipse.jetty.server_9.2.13.v20150730.jar:9.2.13.v20150730]
	at org.eclipse.jetty.server.Request.extractParameters(Request.java:256) ~[org.eclipse.jetty.server_9.2.13.v20150730.jar:9.2.13.v20150730]
	at org.eclipse.jetty.server.Request.getParameterMap(Request.java:839) ~[org.eclipse.jetty.server_9.2.13.v20150730.jar:9.2.13.v20150730]
	at org.eclipse.equinox.http.servlet.internal.servlet.HttpServletRequestBuilderWrapperImpl.getParameterMap(HttpServletRequestBuilderWrapperImpl.java:96) ~[na:na]
	at org.eclipse.equinox.http.servlet.internal.servlet.HttpServletRequestBuilderWrapperImpl.push(HttpServletRequestBuilderWrapperImpl.java:255) ~[na:na]
	at org.eclipse.equinox.http.servlet.internal.context.DispatchTargets.doDispatch(DispatchTargets.java:91) ~[na:na]
	at org.eclipse.equinox.http.servlet.internal.servlet.RequestDispatcherAdaptor.include(RequestDispatcherAdaptor.java:45) ~[na:na]
	at org.apache.jasper.runtime.JspRuntimeLibrary.include(JspRuntimeLibrary.java:1015) ~[na:na]
	at org.apache.jsp.wsdl.actions.InvokeWSDLSOAPOperationFormActionJSP_jsp._jspService(org.apache.jsp.wsdl.actions.InvokeWSDLSOAPOperationFormActionJSP_jsp:143) ~[na:na]
	at org.apache.jasper.runtime.HttpJspBase.service(HttpJspBase.java:111) ~[na:na]
	at javax.servlet.http.HttpServlet.service(HttpServlet.java:790) ~[javax.servlet_3.1.0.v201410161800.jar:3.1.0]
	at org.apache.jasper.servlet.JspServletWrapper.service(JspServletWrapper.java:403) ~[na:na]
	... 30 common frames omitted
Caused by: java.io.IOException: Missing content for multipart request
	at org.eclipse.jetty.util.MultiPartInputStreamParser.parse(MultiPartInputStreamParser.java:491) ~[org.eclipse.jetty.util_9.2.13.v20150730.jar:9.2.13.v20150730]
	at org.eclipse.jetty.util.MultiPartInputStreamParser.getParts(MultiPartInputStreamParser.java:400) ~[org.eclipse.jetty.util_9.2.13.v20150730.jar:9.2.13.v20150730]
	at org.eclipse.jetty.server.Request.getParts(Request.java:2139) ~[org.eclipse.jetty.server_9.2.13.v20150730.jar:9.2.13.v20150730]
	at org.eclipse.jetty.server.Request.extractMultipartParameters(Request.java:385) ~[org.eclipse.jetty.server_9.2.13.v20150730.jar:9.2.13.v20150730]
	... 42 common frames omitted
2017-01-10 13:15:08,366 [qtp867102358-148] WARN  o.eclipse.jetty.server.HttpChannel - Could not send response error 500: org.apache.jasper.JasperException: java.lang.RuntimeException: java.io.IOException: Missing content for multipart request
2017-01-10 13:15:13,682 [qtp867102358-146] WARN  org.eclipse.jetty.server.Request - 
java.io.IOException: Missing content for multipart request
	at org.eclipse.jetty.util.MultiPartInputStreamParser.parse(MultiPartInputStreamParser.java:491) ~[org.eclipse.jetty.util_9.2.13.v20150730.jar:9.2.13.v20150730]
	at org.eclipse.jetty.util.MultiPartInputStreamParser.getParts(MultiPartInputStreamParser.java:400) ~[org.eclipse.jetty.util_9.2.13.v20150730.jar:9.2.13.v20150730]
	at org.eclipse.jetty.server.Request.getParts(Request.java:2139) [org.eclipse.jetty.server_9.2.13.v20150730.jar:9.2.13.v20150730]
	at org.eclipse.jetty.server.Request.extractMultipartParameters(Request.java:385) [org.eclipse.jetty.server_9.2.13.v20150730.jar:9.2.13.v20150730]
	at org.eclipse.jetty.server.Request.extractContentParameters(Request.java:308) [org.eclipse.jetty.server_9.2.13.v20150730.jar:9.2.13.v20150730]
	at org.eclipse.jetty.server.Request.extractParameters(Request.java:256) [org.eclipse.jetty.server_9.2.13.v20150730.jar:9.2.13.v20150730]
	at org.eclipse.jetty.server.Request.getParameterMap(Request.java:839) [org.eclipse.jetty.server_9.2.13.v20150730.jar:9.2.13.v20150730]
	at org.eclipse.equinox.http.servlet.internal.servlet.HttpServletRequestBuilderWrapperImpl.getParameterMap(HttpServletRequestBuilderWrapperImpl.java:96) [org.eclipse.equinox.http.servlet_1.2.1.v20150828-1818.jar:na]
	at org.eclipse.equinox.http.servlet.internal.servlet.HttpServletRequestBuilderWrapperImpl.push(HttpServletRequestBuilderWrapperImpl.java:255) [org.eclipse.equinox.http.servlet_1.2.1.v20150828-1818.jar:na]
	at org.eclipse.equinox.http.servlet.internal.context.DispatchTargets.doDispatch(DispatchTargets.java:91) [org.eclipse.equinox.http.servlet_1.2.1.v20150828-1818.jar:na]
	at org.eclipse.equinox.http.servlet.internal.servlet.RequestDispatcherAdaptor.include(RequestDispatcherAdaptor.java:45) [org.eclipse.equinox.http.servlet_1.2.1.v20150828-1818.jar:na]
	at org.apache.jasper.runtime.JspRuntimeLibrary.include(JspRuntimeLibrary.java:1015) [org.apache.jasper.glassfish_2.2.2.v201501141630.jar:na]
	at org.apache.jsp.wsdl.actions.InvokeWSDLSOAPOperationFormActionJSP_jsp._jspService(org.apache.jsp.wsdl.actions.InvokeWSDLSOAPOperationFormActionJSP_jsp:143) [na:na]
	at org.apache.jasper.runtime.HttpJspBase.service(HttpJspBase.java:111) [org.apache.jasper.glassfish_2.2.2.v201501141630.jar:na]
	at javax.servlet.http.HttpServlet.service(HttpServlet.java:790) [javax.servlet_3.1.0.v201410161800.jar:3.1.0]
	at org.apache.jasper.servlet.JspServletWrapper.service(JspServletWrapper.java:403) [org.apache.jasper.glassfish_2.2.2.v201501141630.jar:na]
	at org.apache.jasper.servlet.JspServlet.serviceJspFile(JspServlet.java:492) [org.apache.jasper.glassfish_2.2.2.v201501141630.jar:na]
	at org.apache.jasper.servlet.JspServlet.service(JspServlet.java:378) [org.apache.jasper.glassfish_2.2.2.v201501141630.jar:na]
	at javax.servlet.http.HttpServlet.service(HttpServlet.java:790) [javax.servlet_3.1.0.v201410161800.jar:3.1.0]
	at org.eclipse.equinox.jsp.jasper.JspServlet.service(JspServlet.java:155) [org.eclipse.equinox.jsp.jasper_1.0.500.v20150119-1358.jar:na]
	at javax.servlet.http.HttpServlet.service(HttpServlet.java:790) [javax.servlet_3.1.0.v201410161800.jar:3.1.0]
	at org.eclipse.equinox.http.registry.internal.ServletManager$ServletWrapper.service(ServletManager.java:180) [org.eclipse.equinox.http.registry_1.1.300.v20130402-1529.jar:na]
	at org.eclipse.equinox.http.servlet.internal.HttpServiceRuntimeImpl$LegacyServlet.service(HttpServiceRuntimeImpl.java:1232) [org.eclipse.equinox.http.servlet_1.2.1.v20150828-1818.jar:na]
	at org.eclipse.equinox.http.servlet.internal.registration.EndpointRegistration.service(EndpointRegistration.java:153) [org.eclipse.equinox.http.servlet_1.2.1.v20150828-1818.jar:na]
	at org.eclipse.equinox.http.servlet.internal.servlet.ResponseStateHandler.processRequest(ResponseStateHandler.java:63) [org.eclipse.equinox.http.servlet_1.2.1.v20150828-1818.jar:na]
	at org.eclipse.equinox.http.servlet.internal.context.DispatchTargets.doDispatch(DispatchTargets.java:98) [org.eclipse.equinox.http.servlet_1.2.1.v20150828-1818.jar:na]
	at org.eclipse.equinox.http.servlet.internal.HttpServiceRuntimeImpl.doDispatch(HttpServiceRuntimeImpl.java:372) [org.eclipse.equinox.http.servlet_1.2.1.v20150828-1818.jar:na]
	at org.eclipse.equinox.http.servlet.internal.servlet.ProxyServlet.service(ProxyServlet.java:70) [org.eclipse.equinox.http.servlet_1.2.1.v20150828-1818.jar:na]
	at javax.servlet.http.HttpServlet.service(HttpServlet.java:790) [javax.servlet_3.1.0.v201410161800.jar:3.1.0]
	at org.eclipse.equinox.http.jetty.internal.HttpServerManager$InternalHttpServiceServlet.service(HttpServerManager.java:357) [org.eclipse.equinox.http.jetty_3.1.1.v20150818-2108.jar:na]
	at org.eclipse.jetty.servlet.ServletHolder.handle(ServletHolder.java:808) [org.eclipse.jetty.servlet_9.2.13.v20150730.jar:9.2.13.v20150730]
	at org.eclipse.jetty.servlet.ServletHandler.doHandle(ServletHandler.java:587) [org.eclipse.jetty.servlet_9.2.13.v20150730.jar:9.2.13.v20150730]
	at org.eclipse.jetty.server.session.SessionHandler.doHandle(SessionHandler.java:221) [org.eclipse.jetty.server_9.2.13.v20150730.jar:9.2.13.v20150730]
	at org.eclipse.jetty.server.handler.ContextHandler.doHandle(ContextHandler.java:1127) [org.eclipse.jetty.server_9.2.13.v20150730.jar:9.2.13.v20150730]
	at org.eclipse.jetty.servlet.ServletHandler.doScope(ServletHandler.java:515) [org.eclipse.jetty.servlet_9.2.13.v20150730.jar:9.2.13.v20150730]
	at org.eclipse.jetty.server.session.SessionHandler.doScope(SessionHandler.java:185) [org.eclipse.jetty.server_9.2.13.v20150730.jar:9.2.13.v20150730]
	at org.eclipse.jetty.server.handler.ContextHandler.doScope(ContextHandler.java:1061) [org.eclipse.jetty.server_9.2.13.v20150730.jar:9.2.13.v20150730]
	at org.eclipse.jetty.server.handler.ScopedHandler.handle(ScopedHandler.java:141) [org.eclipse.jetty.server_9.2.13.v20150730.jar:9.2.13.v20150730]
	at org.eclipse.jetty.server.handler.HandlerWrapper.handle(HandlerWrapper.java:97) [org.eclipse.jetty.server_9.2.13.v20150730.jar:9.2.13.v20150730]
	at org.eclipse.jetty.server.Server.handle(Server.java:499) [org.eclipse.jetty.server_9.2.13.v20150730.jar:9.2.13.v20150730]
	at org.eclipse.jetty.server.HttpChannel.handle(HttpChannel.java:310) [org.eclipse.jetty.server_9.2.13.v20150730.jar:9.2.13.v20150730]
	at org.eclipse.jetty.server.HttpConnection.onFillable(HttpConnection.java:257) [org.eclipse.jetty.server_9.2.13.v20150730.jar:9.2.13.v20150730]
	at org.eclipse.jetty.io.AbstractConnection$2.run(AbstractConnection.java:540) [org.eclipse.jetty.io_9.2.13.v20150730.jar:9.2.13.v20150730]
	at org.eclipse.jetty.util.thread.QueuedThreadPool.runJob(QueuedThreadPool.java:635) [org.eclipse.jetty.util_9.2.13.v20150730.jar:9.2.13.v20150730]
	at org.eclipse.jetty.util.thread.QueuedThreadPool$3.run(QueuedThreadPool.java:555) [org.eclipse.jetty.util_9.2.13.v20150730.jar:9.2.13.v20150730]
	at java.lang.Thread.run(Unknown Source) [na:1.8.0_51]
2017-01-10 13:15:13,703 [qtp867102358-146] WARN  o.e.jetty.servlet.ServletHandler - 
org.apache.jasper.JasperException: java.lang.RuntimeException: java.io.IOException: Missing content for multipart request
	at org.apache.jasper.servlet.JspServletWrapper.service(JspServletWrapper.java:432) ~[na:na]
	at org.apache.jasper.servlet.JspServlet.serviceJspFile(JspServlet.java:492) ~[na:na]
	at org.apache.jasper.servlet.JspServlet.service(JspServlet.java:378) ~[na:na]
	at javax.servlet.http.HttpServlet.service(HttpServlet.java:790) ~[javax.servlet_3.1.0.v201410161800.jar:3.1.0]
	at org.eclipse.equinox.jsp.jasper.JspServlet.service(JspServlet.java:155) ~[na:na]
	at javax.servlet.http.HttpServlet.service(HttpServlet.java:790) ~[javax.servlet_3.1.0.v201410161800.jar:3.1.0]
	at org.eclipse.equinox.http.registry.internal.ServletManager$ServletWrapper.service(ServletManager.java:180) ~[na:na]
	at org.eclipse.equinox.http.servlet.internal.HttpServiceRuntimeImpl$LegacyServlet.service(HttpServiceRuntimeImpl.java:1232) ~[na:na]
	at org.eclipse.equinox.http.servlet.internal.registration.EndpointRegistration.service(EndpointRegistration.java:153) ~[na:na]
	at org.eclipse.equinox.http.servlet.internal.servlet.ResponseStateHandler.processRequest(ResponseStateHandler.java:63) ~[na:na]
	at org.eclipse.equinox.http.servlet.internal.context.DispatchTargets.doDispatch(DispatchTargets.java:98) ~[na:na]
	at org.eclipse.equinox.http.servlet.internal.HttpServiceRuntimeImpl.doDispatch(HttpServiceRuntimeImpl.java:372) ~[na:na]
	at org.eclipse.equinox.http.servlet.internal.servlet.ProxyServlet.service(ProxyServlet.java:70) ~[na:na]
	at javax.servlet.http.HttpServlet.service(HttpServlet.java:790) ~[javax.servlet_3.1.0.v201410161800.jar:3.1.0]
	at org.eclipse.equinox.http.jetty.internal.HttpServerManager$InternalHttpServiceServlet.service(HttpServerManager.java:357) ~[org.eclipse.equinox.http.jetty_3.1.1.v20150818-2108.jar:na]
	at org.eclipse.jetty.servlet.ServletHolder.handle(ServletHolder.java:808) ~[org.eclipse.jetty.servlet_9.2.13.v20150730.jar:9.2.13.v20150730]
	at org.eclipse.jetty.servlet.ServletHandler.doHandle(ServletHandler.java:587) [org.eclipse.jetty.servlet_9.2.13.v20150730.jar:9.2.13.v20150730]
	at org.eclipse.jetty.server.session.SessionHandler.doHandle(SessionHandler.java:221) [org.eclipse.jetty.server_9.2.13.v20150730.jar:9.2.13.v20150730]
	at org.eclipse.jetty.server.handler.ContextHandler.doHandle(ContextHandler.java:1127) [org.eclipse.jetty.server_9.2.13.v20150730.jar:9.2.13.v20150730]
	at org.eclipse.jetty.servlet.ServletHandler.doScope(ServletHandler.java:515) [org.eclipse.jetty.servlet_9.2.13.v20150730.jar:9.2.13.v20150730]
	at org.eclipse.jetty.server.session.SessionHandler.doScope(SessionHandler.java:185) [org.eclipse.jetty.server_9.2.13.v20150730.jar:9.2.13.v20150730]
	at org.eclipse.jetty.server.handler.ContextHandler.doScope(ContextHandler.java:1061) [org.eclipse.jetty.server_9.2.13.v20150730.jar:9.2.13.v20150730]
	at org.eclipse.jetty.server.handler.ScopedHandler.handle(ScopedHandler.java:141) [org.eclipse.jetty.server_9.2.13.v20150730.jar:9.2.13.v20150730]
	at org.eclipse.jetty.server.handler.HandlerWrapper.handle(HandlerWrapper.java:97) [org.eclipse.jetty.server_9.2.13.v20150730.jar:9.2.13.v20150730]
	at org.eclipse.jetty.server.Server.handle(Server.java:499) [org.eclipse.jetty.server_9.2.13.v20150730.jar:9.2.13.v20150730]
	at org.eclipse.jetty.server.HttpChannel.handle(HttpChannel.java:310) [org.eclipse.jetty.server_9.2.13.v20150730.jar:9.2.13.v20150730]
	at org.eclipse.jetty.server.HttpConnection.onFillable(HttpConnection.java:257) [org.eclipse.jetty.server_9.2.13.v20150730.jar:9.2.13.v20150730]
	at org.eclipse.jetty.io.AbstractConnection$2.run(AbstractConnection.java:540) [org.eclipse.jetty.io_9.2.13.v20150730.jar:9.2.13.v20150730]
	at org.eclipse.jetty.util.thread.QueuedThreadPool.runJob(QueuedThreadPool.java:635) [org.eclipse.jetty.util_9.2.13.v20150730.jar:9.2.13.v20150730]
	at org.eclipse.jetty.util.thread.QueuedThreadPool$3.run(QueuedThreadPool.java:555) [org.eclipse.jetty.util_9.2.13.v20150730.jar:9.2.13.v20150730]
	at java.lang.Thread.run(Unknown Source) [na:1.8.0_51]
Caused by: java.lang.RuntimeException: java.io.IOException: Missing content for multipart request
	at org.eclipse.jetty.server.Request.extractMultipartParameters(Request.java:390) ~[org.eclipse.jetty.server_9.2.13.v20150730.jar:9.2.13.v20150730]
	at org.eclipse.jetty.server.Request.extractContentParameters(Request.java:308) ~[org.eclipse.jetty.server_9.2.13.v20150730.jar:9.2.13.v20150730]
	at org.eclipse.jetty.server.Request.extractParameters(Request.java:256) ~[org.eclipse.jetty.server_9.2.13.v20150730.jar:9.2.13.v20150730]
	at org.eclipse.jetty.server.Request.getParameterMap(Request.java:839) ~[org.eclipse.jetty.server_9.2.13.v20150730.jar:9.2.13.v20150730]
	at org.eclipse.equinox.http.servlet.internal.servlet.HttpServletRequestBuilderWrapperImpl.getParameterMap(HttpServletRequestBuilderWrapperImpl.java:96) ~[na:na]
	at org.eclipse.equinox.http.servlet.internal.servlet.HttpServletRequestBuilderWrapperImpl.push(HttpServletRequestBuilderWrapperImpl.java:255) ~[na:na]
	at org.eclipse.equinox.http.servlet.internal.context.DispatchTargets.doDispatch(DispatchTargets.java:91) ~[na:na]
	at org.eclipse.equinox.http.servlet.internal.servlet.RequestDispatcherAdaptor.include(RequestDispatcherAdaptor.java:45) ~[na:na]
	at org.apache.jasper.runtime.JspRuntimeLibrary.include(JspRuntimeLibrary.java:1015) ~[na:na]
	at org.apache.jsp.wsdl.actions.InvokeWSDLSOAPOperationFormActionJSP_jsp._jspService(org.apache.jsp.wsdl.actions.InvokeWSDLSOAPOperationFormActionJSP_jsp:143) ~[na:na]
	at org.apache.jasper.runtime.HttpJspBase.service(HttpJspBase.java:111) ~[na:na]
	at javax.servlet.http.HttpServlet.service(HttpServlet.java:790) ~[javax.servlet_3.1.0.v201410161800.jar:3.1.0]
	at org.apache.jasper.servlet.JspServletWrapper.service(JspServletWrapper.java:403) ~[na:na]
	... 30 common frames omitted
Caused by: java.io.IOException: Missing content for multipart request
	at org.eclipse.jetty.util.MultiPartInputStreamParser.parse(MultiPartInputStreamParser.java:491) ~[org.eclipse.jetty.util_9.2.13.v20150730.jar:9.2.13.v20150730]
	at org.eclipse.jetty.util.MultiPartInputStreamParser.getParts(MultiPartInputStreamParser.java:400) ~[org.eclipse.jetty.util_9.2.13.v20150730.jar:9.2.13.v20150730]
	at org.eclipse.jetty.server.Request.getParts(Request.java:2139) ~[org.eclipse.jetty.server_9.2.13.v20150730.jar:9.2.13.v20150730]
	at org.eclipse.jetty.server.Request.extractMultipartParameters(Request.java:385) ~[org.eclipse.jetty.server_9.2.13.v20150730.jar:9.2.13.v20150730]
	... 42 common frames omitted
2017-01-10 13:15:13,719 [qtp867102358-146] WARN  o.eclipse.jetty.server.HttpChannel - /wse/wsdl/actions/InvokeWSDLSOAPOperationFormActionJSP.jsp
org.apache.jasper.JasperException: java.lang.RuntimeException: java.io.IOException: Missing content for multipart request
	at org.apache.jasper.servlet.JspServletWrapper.service(JspServletWrapper.java:432) ~[na:na]
	at org.apache.jasper.servlet.JspServlet.serviceJspFile(JspServlet.java:492) ~[na:na]
	at org.apache.jasper.servlet.JspServlet.service(JspServlet.java:378) ~[na:na]
	at javax.servlet.http.HttpServlet.service(HttpServlet.java:790) ~[javax.servlet_3.1.0.v201410161800.jar:3.1.0]
	at org.eclipse.equinox.jsp.jasper.JspServlet.service(JspServlet.java:155) ~[na:na]
	at javax.servlet.http.HttpServlet.service(HttpServlet.java:790) ~[javax.servlet_3.1.0.v201410161800.jar:3.1.0]
	at org.eclipse.equinox.http.registry.internal.ServletManager$ServletWrapper.service(ServletManager.java:180) ~[na:na]
	at org.eclipse.equinox.http.servlet.internal.HttpServiceRuntimeImpl$LegacyServlet.service(HttpServiceRuntimeImpl.java:1232) ~[na:na]
	at org.eclipse.equinox.http.servlet.internal.registration.EndpointRegistration.service(EndpointRegistration.java:153) ~[na:na]
	at org.eclipse.equinox.http.servlet.internal.servlet.ResponseStateHandler.processRequest(ResponseStateHandler.java:63) ~[na:na]
	at org.eclipse.equinox.http.servlet.internal.context.DispatchTargets.doDispatch(DispatchTargets.java:98) ~[na:na]
	at org.eclipse.equinox.http.servlet.internal.HttpServiceRuntimeImpl.doDispatch(HttpServiceRuntimeImpl.java:372) ~[na:na]
	at org.eclipse.equinox.http.servlet.internal.servlet.ProxyServlet.service(ProxyServlet.java:70) ~[na:na]
	at javax.servlet.http.HttpServlet.service(HttpServlet.java:790) ~[javax.servlet_3.1.0.v201410161800.jar:3.1.0]
	at org.eclipse.equinox.http.jetty.internal.HttpServerManager$InternalHttpServiceServlet.service(HttpServerManager.java:357) ~[na:na]
	at org.eclipse.jetty.servlet.ServletHolder.handle(ServletHolder.java:808) ~[na:na]
	at org.eclipse.jetty.servlet.ServletHandler.doHandle(ServletHandler.java:587) ~[na:na]
	at org.eclipse.jetty.server.session.SessionHandler.doHandle(SessionHandler.java:221) ~[org.eclipse.jetty.server_9.2.13.v20150730.jar:9.2.13.v20150730]
	at org.eclipse.jetty.server.handler.ContextHandler.doHandle(ContextHandler.java:1127) ~[org.eclipse.jetty.server_9.2.13.v20150730.jar:9.2.13.v20150730]
	at org.eclipse.jetty.servlet.ServletHandler.doScope(ServletHandler.java:515) ~[na:na]
	at org.eclipse.jetty.server.session.SessionHandler.doScope(SessionHandler.java:185) ~[org.eclipse.jetty.server_9.2.13.v20150730.jar:9.2.13.v20150730]
	at org.eclipse.jetty.server.handler.ContextHandler.doScope(ContextHandler.java:1061) ~[org.eclipse.jetty.server_9.2.13.v20150730.jar:9.2.13.v20150730]
	at org.eclipse.jetty.server.handler.ScopedHandler.handle(ScopedHandler.java:141) ~[org.eclipse.jetty.server_9.2.13.v20150730.jar:9.2.13.v20150730]
	at org.eclipse.jetty.server.handler.HandlerWrapper.handle(HandlerWrapper.java:97) ~[org.eclipse.jetty.server_9.2.13.v20150730.jar:9.2.13.v20150730]
	at org.eclipse.jetty.server.Server.handle(Server.java:499) ~[org.eclipse.jetty.server_9.2.13.v20150730.jar:9.2.13.v20150730]
	at org.eclipse.jetty.server.HttpChannel.handle(HttpChannel.java:310) ~[org.eclipse.jetty.server_9.2.13.v20150730.jar:9.2.13.v20150730]
	at org.eclipse.jetty.server.HttpConnection.onFillable(HttpConnection.java:257) [org.eclipse.jetty.server_9.2.13.v20150730.jar:9.2.13.v20150730]
	at org.eclipse.jetty.io.AbstractConnection$2.run(AbstractConnection.java:540) [org.eclipse.jetty.io_9.2.13.v20150730.jar:9.2.13.v20150730]
	at org.eclipse.jetty.util.thread.QueuedThreadPool.runJob(QueuedThreadPool.java:635) [org.eclipse.jetty.util_9.2.13.v20150730.jar:9.2.13.v20150730]
	at org.eclipse.jetty.util.thread.QueuedThreadPool$3.run(QueuedThreadPool.java:555) [org.eclipse.jetty.util_9.2.13.v20150730.jar:9.2.13.v20150730]
	at java.lang.Thread.run(Unknown Source) [na:1.8.0_51]
Caused by: java.lang.RuntimeException: java.io.IOException: Missing content for multipart request
	at org.eclipse.jetty.server.Request.extractMultipartParameters(Request.java:390) ~[org.eclipse.jetty.server_9.2.13.v20150730.jar:9.2.13.v20150730]
	at org.eclipse.jetty.server.Request.extractContentParameters(Request.java:308) ~[org.eclipse.jetty.server_9.2.13.v20150730.jar:9.2.13.v20150730]
	at org.eclipse.jetty.server.Request.extractParameters(Request.java:256) ~[org.eclipse.jetty.server_9.2.13.v20150730.jar:9.2.13.v20150730]
	at org.eclipse.jetty.server.Request.getParameterMap(Request.java:839) ~[org.eclipse.jetty.server_9.2.13.v20150730.jar:9.2.13.v20150730]
	at org.eclipse.equinox.http.servlet.internal.servlet.HttpServletRequestBuilderWrapperImpl.getParameterMap(HttpServletRequestBuilderWrapperImpl.java:96) ~[na:na]
	at org.eclipse.equinox.http.servlet.internal.servlet.HttpServletRequestBuilderWrapperImpl.push(HttpServletRequestBuilderWrapperImpl.java:255) ~[na:na]
	at org.eclipse.equinox.http.servlet.internal.context.DispatchTargets.doDispatch(DispatchTargets.java:91) ~[na:na]
	at org.eclipse.equinox.http.servlet.internal.servlet.RequestDispatcherAdaptor.include(RequestDispatcherAdaptor.java:45) ~[na:na]
	at org.apache.jasper.runtime.JspRuntimeLibrary.include(JspRuntimeLibrary.java:1015) ~[na:na]
	at org.apache.jsp.wsdl.actions.InvokeWSDLSOAPOperationFormActionJSP_jsp._jspService(org.apache.jsp.wsdl.actions.InvokeWSDLSOAPOperationFormActionJSP_jsp:143) ~[na:na]
	at org.apache.jasper.runtime.HttpJspBase.service(HttpJspBase.java:111) ~[na:na]
	at javax.servlet.http.HttpServlet.service(HttpServlet.java:790) ~[javax.servlet_3.1.0.v201410161800.jar:3.1.0]
	at org.apache.jasper.servlet.JspServletWrapper.service(JspServletWrapper.java:403) ~[na:na]
	... 30 common frames omitted
Caused by: java.io.IOException: Missing content for multipart request
	at org.eclipse.jetty.util.MultiPartInputStreamParser.parse(MultiPartInputStreamParser.java:491) ~[org.eclipse.jetty.util_9.2.13.v20150730.jar:9.2.13.v20150730]
	at org.eclipse.jetty.util.MultiPartInputStreamParser.getParts(MultiPartInputStreamParser.java:400) ~[org.eclipse.jetty.util_9.2.13.v20150730.jar:9.2.13.v20150730]
	at org.eclipse.jetty.server.Request.getParts(Request.java:2139) ~[org.eclipse.jetty.server_9.2.13.v20150730.jar:9.2.13.v20150730]
	at org.eclipse.jetty.server.Request.extractMultipartParameters(Request.java:385) ~[org.eclipse.jetty.server_9.2.13.v20150730.jar:9.2.13.v20150730]
	... 42 common frames omitted
2017-01-10 13:15:13,729 [qtp867102358-146] WARN  o.eclipse.jetty.server.HttpChannel - Could not send response error 500: org.apache.jasper.JasperException: java.lang.RuntimeException: java.io.IOException: Missing content for multipart request
2017-01-10 13:15:57,063 [qtp867102358-144] WARN  o.e.jetty.servlet.ServletHandler - 
org.apache.jasper.JasperException: java.lang.NullPointerException
	at org.apache.jasper.servlet.JspServletWrapper.service(JspServletWrapper.java:432) ~[na:na]
	at org.apache.jasper.servlet.JspServlet.serviceJspFile(JspServlet.java:492) ~[na:na]
	at org.apache.jasper.servlet.JspServlet.service(JspServlet.java:378) ~[na:na]
	at javax.servlet.http.HttpServlet.service(HttpServlet.java:790) ~[javax.servlet_3.1.0.v201410161800.jar:3.1.0]
	at org.eclipse.equinox.jsp.jasper.JspServlet.service(JspServlet.java:155) ~[na:na]
	at javax.servlet.http.HttpServlet.service(HttpServlet.java:790) ~[javax.servlet_3.1.0.v201410161800.jar:3.1.0]
	at org.eclipse.equinox.http.registry.internal.ServletManager$ServletWrapper.service(ServletManager.java:180) ~[na:na]
	at org.eclipse.equinox.http.servlet.internal.HttpServiceRuntimeImpl$LegacyServlet.service(HttpServiceRuntimeImpl.java:1232) ~[na:na]
	at org.eclipse.equinox.http.servlet.internal.registration.EndpointRegistration.service(EndpointRegistration.java:153) ~[na:na]
	at org.eclipse.equinox.http.servlet.internal.servlet.ResponseStateHandler.processRequest(ResponseStateHandler.java:63) ~[na:na]
	at org.eclipse.equinox.http.servlet.internal.context.DispatchTargets.doDispatch(DispatchTargets.java:98) ~[na:na]
	at org.eclipse.equinox.http.servlet.internal.HttpServiceRuntimeImpl.doDispatch(HttpServiceRuntimeImpl.java:372) ~[na:na]
	at org.eclipse.equinox.http.servlet.internal.servlet.ProxyServlet.service(ProxyServlet.java:70) ~[na:na]
	at javax.servlet.http.HttpServlet.service(HttpServlet.java:790) ~[javax.servlet_3.1.0.v201410161800.jar:3.1.0]
	at org.eclipse.equinox.http.jetty.internal.HttpServerManager$InternalHttpServiceServlet.service(HttpServerManager.java:357) ~[org.eclipse.equinox.http.jetty_3.1.1.v20150818-2108.jar:na]
	at org.eclipse.jetty.servlet.ServletHolder.handle(ServletHolder.java:808) ~[org.eclipse.jetty.servlet_9.2.13.v20150730.jar:9.2.13.v20150730]
	at org.eclipse.jetty.servlet.ServletHandler.doHandle(ServletHandler.java:587) [org.eclipse.jetty.servlet_9.2.13.v20150730.jar:9.2.13.v20150730]
	at org.eclipse.jetty.server.session.SessionHandler.doHandle(SessionHandler.java:221) [org.eclipse.jetty.server_9.2.13.v20150730.jar:9.2.13.v20150730]
	at org.eclipse.jetty.server.handler.ContextHandler.doHandle(ContextHandler.java:1127) [org.eclipse.jetty.server_9.2.13.v20150730.jar:9.2.13.v20150730]
	at org.eclipse.jetty.servlet.ServletHandler.doScope(ServletHandler.java:515) [org.eclipse.jetty.servlet_9.2.13.v20150730.jar:9.2.13.v20150730]
	at org.eclipse.jetty.server.session.SessionHandler.doScope(SessionHandler.java:185) [org.eclipse.jetty.server_9.2.13.v20150730.jar:9.2.13.v20150730]
	at org.eclipse.jetty.server.handler.ContextHandler.doScope(ContextHandler.java:1061) [org.eclipse.jetty.server_9.2.13.v20150730.jar:9.2.13.v20150730]
	at org.eclipse.jetty.server.handler.ScopedHandler.handle(ScopedHandler.java:141) [org.eclipse.jetty.server_9.2.13.v20150730.jar:9.2.13.v20150730]
	at org.eclipse.jetty.server.handler.HandlerWrapper.handle(HandlerWrapper.java:97) [org.eclipse.jetty.server_9.2.13.v20150730.jar:9.2.13.v20150730]
	at org.eclipse.jetty.server.Server.handle(Server.java:499) [org.eclipse.jetty.server_9.2.13.v20150730.jar:9.2.13.v20150730]
	at org.eclipse.jetty.server.HttpChannel.handle(HttpChannel.java:310) [org.eclipse.jetty.server_9.2.13.v20150730.jar:9.2.13.v20150730]
	at org.eclipse.jetty.server.HttpConnection.onFillable(HttpConnection.java:257) [org.eclipse.jetty.server_9.2.13.v20150730.jar:9.2.13.v20150730]
	at org.eclipse.jetty.io.AbstractConnection$2.run(AbstractConnection.java:540) [org.eclipse.jetty.io_9.2.13.v20150730.jar:9.2.13.v20150730]
	at org.eclipse.jetty.util.thread.QueuedThreadPool.runJob(QueuedThreadPool.java:635) [org.eclipse.jetty.util_9.2.13.v20150730.jar:9.2.13.v20150730]
	at org.eclipse.jetty.util.thread.QueuedThreadPool$3.run(QueuedThreadPool.java:555) [org.eclipse.jetty.util_9.2.13.v20150730.jar:9.2.13.v20150730]
	at java.lang.Thread.run(Unknown Source) [na:1.8.0_51]
Caused by: java.lang.NullPointerException: null
	at org.apache.jsp.wsdl.wsdl_005fnavigator_005fcontent_jsp._jspService(org.apache.jsp.wsdl.wsdl_005fnavigator_005fcontent_jsp:102) ~[na:na]
	at org.apache.jasper.runtime.HttpJspBase.service(HttpJspBase.java:111) ~[na:na]
	at javax.servlet.http.HttpServlet.service(HttpServlet.java:790) ~[javax.servlet_3.1.0.v201410161800.jar:3.1.0]
	at org.apache.jasper.servlet.JspServletWrapper.service(JspServletWrapper.java:403) ~[na:na]
	... 30 common frames omitted
2017-01-10 13:16:17,503 [qtp867102358-144] WARN  o.e.jetty.servlet.ServletHandler - 
org.apache.jasper.JasperException: java.lang.NullPointerException
	at org.apache.jasper.servlet.JspServletWrapper.service(JspServletWrapper.java:432) ~[na:na]
	at org.apache.jasper.servlet.JspServlet.serviceJspFile(JspServlet.java:492) ~[na:na]
	at org.apache.jasper.servlet.JspServlet.service(JspServlet.java:378) ~[na:na]
	at javax.servlet.http.HttpServlet.service(HttpServlet.java:790) ~[javax.servlet_3.1.0.v201410161800.jar:3.1.0]
	at org.eclipse.equinox.jsp.jasper.JspServlet.service(JspServlet.java:155) ~[na:na]
	at javax.servlet.http.HttpServlet.service(HttpServlet.java:790) ~[javax.servlet_3.1.0.v201410161800.jar:3.1.0]
	at org.eclipse.equinox.http.registry.internal.ServletManager$ServletWrapper.service(ServletManager.java:180) ~[na:na]
	at org.eclipse.equinox.http.servlet.internal.HttpServiceRuntimeImpl$LegacyServlet.service(HttpServiceRuntimeImpl.java:1232) ~[na:na]
	at org.eclipse.equinox.http.servlet.internal.registration.EndpointRegistration.service(EndpointRegistration.java:153) ~[na:na]
	at org.eclipse.equinox.http.servlet.internal.servlet.ResponseStateHandler.processRequest(ResponseStateHandler.java:63) ~[na:na]
	at org.eclipse.equinox.http.servlet.internal.context.DispatchTargets.doDispatch(DispatchTargets.java:98) ~[na:na]
	at org.eclipse.equinox.http.servlet.internal.HttpServiceRuntimeImpl.doDispatch(HttpServiceRuntimeImpl.java:372) ~[na:na]
	at org.eclipse.equinox.http.servlet.internal.servlet.ProxyServlet.service(ProxyServlet.java:70) ~[na:na]
	at javax.servlet.http.HttpServlet.service(HttpServlet.java:790) ~[javax.servlet_3.1.0.v201410161800.jar:3.1.0]
	at org.eclipse.equinox.http.jetty.internal.HttpServerManager$InternalHttpServiceServlet.service(HttpServerManager.java:357) ~[org.eclipse.equinox.http.jetty_3.1.1.v20150818-2108.jar:na]
	at org.eclipse.jetty.servlet.ServletHolder.handle(ServletHolder.java:808) ~[org.eclipse.jetty.servlet_9.2.13.v20150730.jar:9.2.13.v20150730]
	at org.eclipse.jetty.servlet.ServletHandler.doHandle(ServletHandler.java:587) [org.eclipse.jetty.servlet_9.2.13.v20150730.jar:9.2.13.v20150730]
	at org.eclipse.jetty.server.session.SessionHandler.doHandle(SessionHandler.java:221) [org.eclipse.jetty.server_9.2.13.v20150730.jar:9.2.13.v20150730]
	at org.eclipse.jetty.server.handler.ContextHandler.doHandle(ContextHandler.java:1127) [org.eclipse.jetty.server_9.2.13.v20150730.jar:9.2.13.v20150730]
	at org.eclipse.jetty.servlet.ServletHandler.doScope(ServletHandler.java:515) [org.eclipse.jetty.servlet_9.2.13.v20150730.jar:9.2.13.v20150730]
	at org.eclipse.jetty.server.session.SessionHandler.doScope(SessionHandler.java:185) [org.eclipse.jetty.server_9.2.13.v20150730.jar:9.2.13.v20150730]
	at org.eclipse.jetty.server.handler.ContextHandler.doScope(ContextHandler.java:1061) [org.eclipse.jetty.server_9.2.13.v20150730.jar:9.2.13.v20150730]
	at org.eclipse.jetty.server.handler.ScopedHandler.handle(ScopedHandler.java:141) [org.eclipse.jetty.server_9.2.13.v20150730.jar:9.2.13.v20150730]
	at org.eclipse.jetty.server.handler.HandlerWrapper.handle(HandlerWrapper.java:97) [org.eclipse.jetty.server_9.2.13.v20150730.jar:9.2.13.v20150730]
	at org.eclipse.jetty.server.Server.handle(Server.java:499) [org.eclipse.jetty.server_9.2.13.v20150730.jar:9.2.13.v20150730]
	at org.eclipse.jetty.server.HttpChannel.handle(HttpChannel.java:310) [org.eclipse.jetty.server_9.2.13.v20150730.jar:9.2.13.v20150730]
	at org.eclipse.jetty.server.HttpConnection.onFillable(HttpConnection.java:257) [org.eclipse.jetty.server_9.2.13.v20150730.jar:9.2.13.v20150730]
	at org.eclipse.jetty.io.AbstractConnection$2.run(AbstractConnection.java:540) [org.eclipse.jetty.io_9.2.13.v20150730.jar:9.2.13.v20150730]
	at org.eclipse.jetty.util.thread.QueuedThreadPool.runJob(QueuedThreadPool.java:635) [org.eclipse.jetty.util_9.2.13.v20150730.jar:9.2.13.v20150730]
	at org.eclipse.jetty.util.thread.QueuedThreadPool$3.run(QueuedThreadPool.java:555) [org.eclipse.jetty.util_9.2.13.v20150730.jar:9.2.13.v20150730]
	at java.lang.Thread.run(Unknown Source) [na:1.8.0_51]
Caused by: java.lang.NullPointerException: null
	at org.eclipse.wst.ws.internal.explorer.platform.wsdl.actions.WSDLPropertiesFormAction.processParsedResults(WSDLPropertiesFormAction.java:33) ~[na:na]
	at org.eclipse.wst.ws.internal.explorer.platform.wsdl.actions.SynchronizeFragmentViewsAction.processParsedResults(SynchronizeFragmentViewsAction.java:46) ~[na:na]
	at org.eclipse.wst.ws.internal.explorer.platform.actions.FormAction.populatePropertyTable(FormAction.java:38) ~[na:na]
	at org.apache.jsp.wsdl.actions.SynchronizeFragmentViewsActionJSP_jsp._jspService(org.apache.jsp.wsdl.actions.SynchronizeFragmentViewsActionJSP_jsp:77) ~[na:na]
	at org.apache.jasper.runtime.HttpJspBase.service(HttpJspBase.java:111) ~[na:na]
	at javax.servlet.http.HttpServlet.service(HttpServlet.java:790) ~[javax.servlet_3.1.0.v201410161800.jar:3.1.0]
	at org.apache.jasper.servlet.JspServletWrapper.service(JspServletWrapper.java:403) ~[na:na]
	... 30 common frames omitted
2017-01-10 13:16:17,511 [qtp867102358-144] WARN  o.eclipse.jetty.server.HttpChannel - /wse/wsdl/actions/SynchronizeFragmentViewsActionJSP.jsp
org.apache.jasper.JasperException: java.lang.NullPointerException
	at org.apache.jasper.servlet.JspServletWrapper.service(JspServletWrapper.java:432) ~[na:na]
	at org.apache.jasper.servlet.JspServlet.serviceJspFile(JspServlet.java:492) ~[na:na]
	at org.apache.jasper.servlet.JspServlet.service(JspServlet.java:378) ~[na:na]
	at javax.servlet.http.HttpServlet.service(HttpServlet.java:790) ~[javax.servlet_3.1.0.v201410161800.jar:3.1.0]
	at org.eclipse.equinox.jsp.jasper.JspServlet.service(JspServlet.java:155) ~[na:na]
	at javax.servlet.http.HttpServlet.service(HttpServlet.java:790) ~[javax.servlet_3.1.0.v201410161800.jar:3.1.0]
	at org.eclipse.equinox.http.registry.internal.ServletManager$ServletWrapper.service(ServletManager.java:180) ~[na:na]
	at org.eclipse.equinox.http.servlet.internal.HttpServiceRuntimeImpl$LegacyServlet.service(HttpServiceRuntimeImpl.java:1232) ~[na:na]
	at org.eclipse.equinox.http.servlet.internal.registration.EndpointRegistration.service(EndpointRegistration.java:153) ~[na:na]
	at org.eclipse.equinox.http.servlet.internal.servlet.ResponseStateHandler.processRequest(ResponseStateHandler.java:63) ~[na:na]
	at org.eclipse.equinox.http.servlet.internal.context.DispatchTargets.doDispatch(DispatchTargets.java:98) ~[na:na]
	at org.eclipse.equinox.http.servlet.internal.HttpServiceRuntimeImpl.doDispatch(HttpServiceRuntimeImpl.java:372) ~[na:na]
	at org.eclipse.equinox.http.servlet.internal.servlet.ProxyServlet.service(ProxyServlet.java:70) ~[na:na]
	at javax.servlet.http.HttpServlet.service(HttpServlet.java:790) ~[javax.servlet_3.1.0.v201410161800.jar:3.1.0]
	at org.eclipse.equinox.http.jetty.internal.HttpServerManager$InternalHttpServiceServlet.service(HttpServerManager.java:357) ~[na:na]
	at org.eclipse.jetty.servlet.ServletHolder.handle(ServletHolder.java:808) ~[na:na]
	at org.eclipse.jetty.servlet.ServletHandler.doHandle(ServletHandler.java:587) ~[na:na]
	at org.eclipse.jetty.server.session.SessionHandler.doHandle(SessionHandler.java:221) ~[org.eclipse.jetty.server_9.2.13.v20150730.jar:9.2.13.v20150730]
	at org.eclipse.jetty.server.handler.ContextHandler.doHandle(ContextHandler.java:1127) ~[org.eclipse.jetty.server_9.2.13.v20150730.jar:9.2.13.v20150730]
	at org.eclipse.jetty.servlet.ServletHandler.doScope(ServletHandler.java:515) ~[na:na]
	at org.eclipse.jetty.server.session.SessionHandler.doScope(SessionHandler.java:185) ~[org.eclipse.jetty.server_9.2.13.v20150730.jar:9.2.13.v20150730]
	at org.eclipse.jetty.server.handler.ContextHandler.doScope(ContextHandler.java:1061) ~[org.eclipse.jetty.server_9.2.13.v20150730.jar:9.2.13.v20150730]
	at org.eclipse.jetty.server.handler.ScopedHandler.handle(ScopedHandler.java:141) ~[org.eclipse.jetty.server_9.2.13.v20150730.jar:9.2.13.v20150730]
	at org.eclipse.jetty.server.handler.HandlerWrapper.handle(HandlerWrapper.java:97) ~[org.eclipse.jetty.server_9.2.13.v20150730.jar:9.2.13.v20150730]
	at org.eclipse.jetty.server.Server.handle(Server.java:499) ~[org.eclipse.jetty.server_9.2.13.v20150730.jar:9.2.13.v20150730]
	at org.eclipse.jetty.server.HttpChannel.handle(HttpChannel.java:310) ~[org.eclipse.jetty.server_9.2.13.v20150730.jar:9.2.13.v20150730]
	at org.eclipse.jetty.server.HttpConnection.onFillable(HttpConnection.java:257) [org.eclipse.jetty.server_9.2.13.v20150730.jar:9.2.13.v20150730]
	at org.eclipse.jetty.io.AbstractConnection$2.run(AbstractConnection.java:540) [org.eclipse.jetty.io_9.2.13.v20150730.jar:9.2.13.v20150730]
	at org.eclipse.jetty.util.thread.QueuedThreadPool.runJob(QueuedThreadPool.java:635) [org.eclipse.jetty.util_9.2.13.v20150730.jar:9.2.13.v20150730]
	at org.eclipse.jetty.util.thread.QueuedThreadPool$3.run(QueuedThreadPool.java:555) [org.eclipse.jetty.util_9.2.13.v20150730.jar:9.2.13.v20150730]
	at java.lang.Thread.run(Unknown Source) [na:1.8.0_51]
Caused by: java.lang.NullPointerException: null
	at org.eclipse.wst.ws.internal.explorer.platform.wsdl.actions.WSDLPropertiesFormAction.processParsedResults(WSDLPropertiesFormAction.java:33) ~[na:na]
	at org.eclipse.wst.ws.internal.explorer.platform.wsdl.actions.SynchronizeFragmentViewsAction.processParsedResults(SynchronizeFragmentViewsAction.java:46) ~[na:na]
	at org.eclipse.wst.ws.internal.explorer.platform.actions.FormAction.populatePropertyTable(FormAction.java:38) ~[na:na]
	at org.apache.jsp.wsdl.actions.SynchronizeFragmentViewsActionJSP_jsp._jspService(org.apache.jsp.wsdl.actions.SynchronizeFragmentViewsActionJSP_jsp:77) ~[na:na]
	at org.apache.jasper.runtime.HttpJspBase.service(HttpJspBase.java:111) ~[na:na]
	at javax.servlet.http.HttpServlet.service(HttpServlet.java:790) ~[javax.servlet_3.1.0.v201410161800.jar:3.1.0]
	at org.apache.jasper.servlet.JspServletWrapper.service(JspServletWrapper.java:403) ~[na:na]
	... 30 common frames omitted
2017-01-10 13:16:17,522 [qtp867102358-144] WARN  o.eclipse.jetty.server.HttpChannel - Could not send response error 500: org.apache.jasper.JasperException: java.lang.NullPointerException
2017-01-10 13:16:19,608 [qtp867102358-148] WARN  o.e.jetty.servlet.ServletHandler - 
org.apache.jasper.JasperException: java.lang.NullPointerException
	at org.apache.jasper.servlet.JspServletWrapper.service(JspServletWrapper.java:432) ~[na:na]
	at org.apache.jasper.servlet.JspServlet.serviceJspFile(JspServlet.java:492) ~[na:na]
	at org.apache.jasper.servlet.JspServlet.service(JspServlet.java:378) ~[na:na]
	at javax.servlet.http.HttpServlet.service(HttpServlet.java:790) ~[javax.servlet_3.1.0.v201410161800.jar:3.1.0]
	at org.eclipse.equinox.jsp.jasper.JspServlet.service(JspServlet.java:155) ~[na:na]
	at javax.servlet.http.HttpServlet.service(HttpServlet.java:790) ~[javax.servlet_3.1.0.v201410161800.jar:3.1.0]
	at org.eclipse.equinox.http.registry.internal.ServletManager$ServletWrapper.service(ServletManager.java:180) ~[na:na]
	at org.eclipse.equinox.http.servlet.internal.HttpServiceRuntimeImpl$LegacyServlet.service(HttpServiceRuntimeImpl.java:1232) ~[na:na]
	at org.eclipse.equinox.http.servlet.internal.registration.EndpointRegistration.service(EndpointRegistration.java:153) ~[na:na]
	at org.eclipse.equinox.http.servlet.internal.servlet.ResponseStateHandler.processRequest(ResponseStateHandler.java:63) ~[na:na]
	at org.eclipse.equinox.http.servlet.internal.context.DispatchTargets.doDispatch(DispatchTargets.java:98) ~[na:na]
	at org.eclipse.equinox.http.servlet.internal.HttpServiceRuntimeImpl.doDispatch(HttpServiceRuntimeImpl.java:372) ~[na:na]
	at org.eclipse.equinox.http.servlet.internal.servlet.ProxyServlet.service(ProxyServlet.java:70) ~[na:na]
	at javax.servlet.http.HttpServlet.service(HttpServlet.java:790) ~[javax.servlet_3.1.0.v201410161800.jar:3.1.0]
	at org.eclipse.equinox.http.jetty.internal.HttpServerManager$InternalHttpServiceServlet.service(HttpServerManager.java:357) ~[org.eclipse.equinox.http.jetty_3.1.1.v20150818-2108.jar:na]
	at org.eclipse.jetty.servlet.ServletHolder.handle(ServletHolder.java:808) ~[org.eclipse.jetty.servlet_9.2.13.v20150730.jar:9.2.13.v20150730]
	at org.eclipse.jetty.servlet.ServletHandler.doHandle(ServletHandler.java:587) [org.eclipse.jetty.servlet_9.2.13.v20150730.jar:9.2.13.v20150730]
	at org.eclipse.jetty.server.session.SessionHandler.doHandle(SessionHandler.java:221) [org.eclipse.jetty.server_9.2.13.v20150730.jar:9.2.13.v20150730]
	at org.eclipse.jetty.server.handler.ContextHandler.doHandle(ContextHandler.java:1127) [org.eclipse.jetty.server_9.2.13.v20150730.jar:9.2.13.v20150730]
	at org.eclipse.jetty.servlet.ServletHandler.doScope(ServletHandler.java:515) [org.eclipse.jetty.servlet_9.2.13.v20150730.jar:9.2.13.v20150730]
	at org.eclipse.jetty.server.session.SessionHandler.doScope(SessionHandler.java:185) [org.eclipse.jetty.server_9.2.13.v20150730.jar:9.2.13.v20150730]
	at org.eclipse.jetty.server.handler.ContextHandler.doScope(ContextHandler.java:1061) [org.eclipse.jetty.server_9.2.13.v20150730.jar:9.2.13.v20150730]
	at org.eclipse.jetty.server.handler.ScopedHandler.handle(ScopedHandler.java:141) [org.eclipse.jetty.server_9.2.13.v20150730.jar:9.2.13.v20150730]
	at org.eclipse.jetty.server.handler.HandlerWrapper.handle(HandlerWrapper.java:97) [org.eclipse.jetty.server_9.2.13.v20150730.jar:9.2.13.v20150730]
	at org.eclipse.jetty.server.Server.handle(Server.java:499) [org.eclipse.jetty.server_9.2.13.v20150730.jar:9.2.13.v20150730]
	at org.eclipse.jetty.server.HttpChannel.handle(HttpChannel.java:310) [org.eclipse.jetty.server_9.2.13.v20150730.jar:9.2.13.v20150730]
	at org.eclipse.jetty.server.HttpConnection.onFillable(HttpConnection.java:257) [org.eclipse.jetty.server_9.2.13.v20150730.jar:9.2.13.v20150730]
	at org.eclipse.jetty.io.AbstractConnection$2.run(AbstractConnection.java:540) [org.eclipse.jetty.io_9.2.13.v20150730.jar:9.2.13.v20150730]
	at org.eclipse.jetty.util.thread.QueuedThreadPool.runJob(QueuedThreadPool.java:635) [org.eclipse.jetty.util_9.2.13.v20150730.jar:9.2.13.v20150730]
	at org.eclipse.jetty.util.thread.QueuedThreadPool$3.run(QueuedThreadPool.java:555) [org.eclipse.jetty.util_9.2.13.v20150730.jar:9.2.13.v20150730]
	at java.lang.Thread.run(Unknown Source) [na:1.8.0_51]
Caused by: java.lang.NullPointerException: null
	at org.eclipse.wst.ws.internal.explorer.platform.wsdl.actions.WSDLPropertiesFormAction.processParsedResults(WSDLPropertiesFormAction.java:33) ~[na:na]
	at org.eclipse.wst.ws.internal.explorer.platform.wsdl.actions.SynchronizeFragmentViewsAction.processParsedResults(SynchronizeFragmentViewsAction.java:46) ~[na:na]
	at org.eclipse.wst.ws.internal.explorer.platform.actions.FormAction.populatePropertyTable(FormAction.java:38) ~[na:na]
	at org.apache.jsp.wsdl.actions.SynchronizeFragmentViewsActionJSP_jsp._jspService(org.apache.jsp.wsdl.actions.SynchronizeFragmentViewsActionJSP_jsp:77) ~[na:na]
	at org.apache.jasper.runtime.HttpJspBase.service(HttpJspBase.java:111) ~[na:na]
	at javax.servlet.http.HttpServlet.service(HttpServlet.java:790) ~[javax.servlet_3.1.0.v201410161800.jar:3.1.0]
	at org.apache.jasper.servlet.JspServletWrapper.service(JspServletWrapper.java:403) ~[na:na]
	... 30 common frames omitted
2017-01-10 13:16:19,616 [qtp867102358-148] WARN  o.eclipse.jetty.server.HttpChannel - /wse/wsdl/actions/SynchronizeFragmentViewsActionJSP.jsp
org.apache.jasper.JasperException: java.lang.NullPointerException
	at org.apache.jasper.servlet.JspServletWrapper.service(JspServletWrapper.java:432) ~[na:na]
	at org.apache.jasper.servlet.JspServlet.serviceJspFile(JspServlet.java:492) ~[na:na]
	at org.apache.jasper.servlet.JspServlet.service(JspServlet.java:378) ~[na:na]
	at javax.servlet.http.HttpServlet.service(HttpServlet.java:790) ~[javax.servlet_3.1.0.v201410161800.jar:3.1.0]
	at org.eclipse.equinox.jsp.jasper.JspServlet.service(JspServlet.java:155) ~[na:na]
	at javax.servlet.http.HttpServlet.service(HttpServlet.java:790) ~[javax.servlet_3.1.0.v201410161800.jar:3.1.0]
	at org.eclipse.equinox.http.registry.internal.ServletManager$ServletWrapper.service(ServletManager.java:180) ~[na:na]
	at org.eclipse.equinox.http.servlet.internal.HttpServiceRuntimeImpl$LegacyServlet.service(HttpServiceRuntimeImpl.java:1232) ~[na:na]
	at org.eclipse.equinox.http.servlet.internal.registration.EndpointRegistration.service(EndpointRegistration.java:153) ~[na:na]
	at org.eclipse.equinox.http.servlet.internal.servlet.ResponseStateHandler.processRequest(ResponseStateHandler.java:63) ~[na:na]
	at org.eclipse.equinox.http.servlet.internal.context.DispatchTargets.doDispatch(DispatchTargets.java:98) ~[na:na]
	at org.eclipse.equinox.http.servlet.internal.HttpServiceRuntimeImpl.doDispatch(HttpServiceRuntimeImpl.java:372) ~[na:na]
	at org.eclipse.equinox.http.servlet.internal.servlet.ProxyServlet.service(ProxyServlet.java:70) ~[na:na]
	at javax.servlet.http.HttpServlet.service(HttpServlet.java:790) ~[javax.servlet_3.1.0.v201410161800.jar:3.1.0]
	at org.eclipse.equinox.http.jetty.internal.HttpServerManager$InternalHttpServiceServlet.service(HttpServerManager.java:357) ~[na:na]
	at org.eclipse.jetty.servlet.ServletHolder.handle(ServletHolder.java:808) ~[na:na]
	at org.eclipse.jetty.servlet.ServletHandler.doHandle(ServletHandler.java:587) ~[na:na]
	at org.eclipse.jetty.server.session.SessionHandler.doHandle(SessionHandler.java:221) ~[org.eclipse.jetty.server_9.2.13.v20150730.jar:9.2.13.v20150730]
	at org.eclipse.jetty.server.handler.ContextHandler.doHandle(ContextHandler.java:1127) ~[org.eclipse.jetty.server_9.2.13.v20150730.jar:9.2.13.v20150730]
	at org.eclipse.jetty.servlet.ServletHandler.doScope(ServletHandler.java:515) ~[na:na]
	at org.eclipse.jetty.server.session.SessionHandler.doScope(SessionHandler.java:185) ~[org.eclipse.jetty.server_9.2.13.v20150730.jar:9.2.13.v20150730]
	at org.eclipse.jetty.server.handler.ContextHandler.doScope(ContextHandler.java:1061) ~[org.eclipse.jetty.server_9.2.13.v20150730.jar:9.2.13.v20150730]
	at org.eclipse.jetty.server.handler.ScopedHandler.handle(ScopedHandler.java:141) ~[org.eclipse.jetty.server_9.2.13.v20150730.jar:9.2.13.v20150730]
	at org.eclipse.jetty.server.handler.HandlerWrapper.handle(HandlerWrapper.java:97) ~[org.eclipse.jetty.server_9.2.13.v20150730.jar:9.2.13.v20150730]
	at org.eclipse.jetty.server.Server.handle(Server.java:499) ~[org.eclipse.jetty.server_9.2.13.v20150730.jar:9.2.13.v20150730]
	at org.eclipse.jetty.server.HttpChannel.handle(HttpChannel.java:310) ~[org.eclipse.jetty.server_9.2.13.v20150730.jar:9.2.13.v20150730]
	at org.eclipse.jetty.server.HttpConnection.onFillable(HttpConnection.java:257) [org.eclipse.jetty.server_9.2.13.v20150730.jar:9.2.13.v20150730]
	at org.eclipse.jetty.io.AbstractConnection$2.run(AbstractConnection.java:540) [org.eclipse.jetty.io_9.2.13.v20150730.jar:9.2.13.v20150730]
	at org.eclipse.jetty.util.thread.QueuedThreadPool.runJob(QueuedThreadPool.java:635) [org.eclipse.jetty.util_9.2.13.v20150730.jar:9.2.13.v20150730]
	at org.eclipse.jetty.util.thread.QueuedThreadPool$3.run(QueuedThreadPool.java:555) [org.eclipse.jetty.util_9.2.13.v20150730.jar:9.2.13.v20150730]
	at java.lang.Thread.run(Unknown Source) [na:1.8.0_51]
Caused by: java.lang.NullPointerException: null
	at org.eclipse.wst.ws.internal.explorer.platform.wsdl.actions.WSDLPropertiesFormAction.processParsedResults(WSDLPropertiesFormAction.java:33) ~[na:na]
	at org.eclipse.wst.ws.internal.explorer.platform.wsdl.actions.SynchronizeFragmentViewsAction.processParsedResults(SynchronizeFragmentViewsAction.java:46) ~[na:na]
	at org.eclipse.wst.ws.internal.explorer.platform.actions.FormAction.populatePropertyTable(FormAction.java:38) ~[na:na]
	at org.apache.jsp.wsdl.actions.SynchronizeFragmentViewsActionJSP_jsp._jspService(org.apache.jsp.wsdl.actions.SynchronizeFragmentViewsActionJSP_jsp:77) ~[na:na]
	at org.apache.jasper.runtime.HttpJspBase.service(HttpJspBase.java:111) ~[na:na]
	at javax.servlet.http.HttpServlet.service(HttpServlet.java:790) ~[javax.servlet_3.1.0.v201410161800.jar:3.1.0]
	at org.apache.jasper.servlet.JspServletWrapper.service(JspServletWrapper.java:403) ~[na:na]
	... 30 common frames omitted
2017-01-10 13:16:19,620 [qtp867102358-148] WARN  o.eclipse.jetty.server.HttpChannel - Could not send response error 500: org.apache.jasper.JasperException: java.lang.NullPointerException
2017-01-10 13:17:18,840 [qtp867102358-147] WARN  o.e.jetty.servlet.ServletHandler - 
org.apache.jasper.JasperException: java.lang.NullPointerException
	at org.apache.jasper.servlet.JspServletWrapper.service(JspServletWrapper.java:432) ~[na:na]
	at org.apache.jasper.servlet.JspServlet.serviceJspFile(JspServlet.java:492) ~[na:na]
	at org.apache.jasper.servlet.JspServlet.service(JspServlet.java:378) ~[na:na]
	at javax.servlet.http.HttpServlet.service(HttpServlet.java:790) ~[javax.servlet_3.1.0.v201410161800.jar:3.1.0]
	at org.eclipse.equinox.jsp.jasper.JspServlet.service(JspServlet.java:155) ~[na:na]
	at javax.servlet.http.HttpServlet.service(HttpServlet.java:790) ~[javax.servlet_3.1.0.v201410161800.jar:3.1.0]
	at org.eclipse.equinox.http.registry.internal.ServletManager$ServletWrapper.service(ServletManager.java:180) ~[na:na]
	at org.eclipse.equinox.http.servlet.internal.HttpServiceRuntimeImpl$LegacyServlet.service(HttpServiceRuntimeImpl.java:1232) ~[na:na]
	at org.eclipse.equinox.http.servlet.internal.registration.EndpointRegistration.service(EndpointRegistration.java:153) ~[na:na]
	at org.eclipse.equinox.http.servlet.internal.servlet.ResponseStateHandler.processRequest(ResponseStateHandler.java:63) ~[na:na]
	at org.eclipse.equinox.http.servlet.internal.context.DispatchTargets.doDispatch(DispatchTargets.java:98) ~[na:na]
	at org.eclipse.equinox.http.servlet.internal.HttpServiceRuntimeImpl.doDispatch(HttpServiceRuntimeImpl.java:372) ~[na:na]
	at org.eclipse.equinox.http.servlet.internal.servlet.ProxyServlet.service(ProxyServlet.java:70) ~[na:na]
	at javax.servlet.http.HttpServlet.service(HttpServlet.java:790) ~[javax.servlet_3.1.0.v201410161800.jar:3.1.0]
	at org.eclipse.equinox.http.jetty.internal.HttpServerManager$InternalHttpServiceServlet.service(HttpServerManager.java:357) ~[org.eclipse.equinox.http.jetty_3.1.1.v20150818-2108.jar:na]
	at org.eclipse.jetty.servlet.ServletHolder.handle(ServletHolder.java:808) ~[org.eclipse.jetty.servlet_9.2.13.v20150730.jar:9.2.13.v20150730]
	at org.eclipse.jetty.servlet.ServletHandler.doHandle(ServletHandler.java:587) [org.eclipse.jetty.servlet_9.2.13.v20150730.jar:9.2.13.v20150730]
	at org.eclipse.jetty.server.session.SessionHandler.doHandle(SessionHandler.java:221) [org.eclipse.jetty.server_9.2.13.v20150730.jar:9.2.13.v20150730]
	at org.eclipse.jetty.server.handler.ContextHandler.doHandle(ContextHandler.java:1127) [org.eclipse.jetty.server_9.2.13.v20150730.jar:9.2.13.v20150730]
	at org.eclipse.jetty.servlet.ServletHandler.doScope(ServletHandler.java:515) [org.eclipse.jetty.servlet_9.2.13.v20150730.jar:9.2.13.v20150730]
	at org.eclipse.jetty.server.session.SessionHandler.doScope(SessionHandler.java:185) [org.eclipse.jetty.server_9.2.13.v20150730.jar:9.2.13.v20150730]
	at org.eclipse.jetty.server.handler.ContextHandler.doScope(ContextHandler.java:1061) [org.eclipse.jetty.server_9.2.13.v20150730.jar:9.2.13.v20150730]
	at org.eclipse.jetty.server.handler.ScopedHandler.handle(ScopedHandler.java:141) [org.eclipse.jetty.server_9.2.13.v20150730.jar:9.2.13.v20150730]
	at org.eclipse.jetty.server.handler.HandlerWrapper.handle(HandlerWrapper.java:97) [org.eclipse.jetty.server_9.2.13.v20150730.jar:9.2.13.v20150730]
	at org.eclipse.jetty.server.Server.handle(Server.java:499) [org.eclipse.jetty.server_9.2.13.v20150730.jar:9.2.13.v20150730]
	at org.eclipse.jetty.server.HttpChannel.handle(HttpChannel.java:310) [org.eclipse.jetty.server_9.2.13.v20150730.jar:9.2.13.v20150730]
	at org.eclipse.jetty.server.HttpConnection.onFillable(HttpConnection.java:257) [org.eclipse.jetty.server_9.2.13.v20150730.jar:9.2.13.v20150730]
	at org.eclipse.jetty.io.AbstractConnection$2.run(AbstractConnection.java:540) [org.eclipse.jetty.io_9.2.13.v20150730.jar:9.2.13.v20150730]
	at org.eclipse.jetty.util.thread.QueuedThreadPool.runJob(QueuedThreadPool.java:635) [org.eclipse.jetty.util_9.2.13.v20150730.jar:9.2.13.v20150730]
	at org.eclipse.jetty.util.thread.QueuedThreadPool$3.run(QueuedThreadPool.java:555) [org.eclipse.jetty.util_9.2.13.v20150730.jar:9.2.13.v20150730]
	at java.lang.Thread.run(Unknown Source) [na:1.8.0_51]
Caused by: java.lang.NullPointerException: null
	at org.eclipse.wst.ws.internal.explorer.platform.wsdl.actions.WSDLPropertiesFormAction.processParsedResults(WSDLPropertiesFormAction.java:33) ~[na:na]
	at org.eclipse.wst.ws.internal.explorer.platform.wsdl.actions.SynchronizeFragmentViewsAction.processParsedResults(SynchronizeFragmentViewsAction.java:46) ~[na:na]
	at org.eclipse.wst.ws.internal.explorer.platform.actions.FormAction.populatePropertyTable(FormAction.java:38) ~[na:na]
	at org.apache.jsp.wsdl.actions.SynchronizeFragmentViewsActionJSP_jsp._jspService(org.apache.jsp.wsdl.actions.SynchronizeFragmentViewsActionJSP_jsp:77) ~[na:na]
	at org.apache.jasper.runtime.HttpJspBase.service(HttpJspBase.java:111) ~[na:na]
	at javax.servlet.http.HttpServlet.service(HttpServlet.java:790) ~[javax.servlet_3.1.0.v201410161800.jar:3.1.0]
	at org.apache.jasper.servlet.JspServletWrapper.service(JspServletWrapper.java:403) ~[na:na]
	... 30 common frames omitted
2017-01-10 13:17:18,861 [qtp867102358-147] WARN  o.eclipse.jetty.server.HttpChannel - /wse/wsdl/actions/SynchronizeFragmentViewsActionJSP.jsp
org.apache.jasper.JasperException: java.lang.NullPointerException
	at org.apache.jasper.servlet.JspServletWrapper.service(JspServletWrapper.java:432) ~[na:na]
	at org.apache.jasper.servlet.JspServlet.serviceJspFile(JspServlet.java:492) ~[na:na]
	at org.apache.jasper.servlet.JspServlet.service(JspServlet.java:378) ~[na:na]
	at javax.servlet.http.HttpServlet.service(HttpServlet.java:790) ~[javax.servlet_3.1.0.v201410161800.jar:3.1.0]
	at org.eclipse.equinox.jsp.jasper.JspServlet.service(JspServlet.java:155) ~[na:na]
	at javax.servlet.http.HttpServlet.service(HttpServlet.java:790) ~[javax.servlet_3.1.0.v201410161800.jar:3.1.0]
	at org.eclipse.equinox.http.registry.internal.ServletManager$ServletWrapper.service(ServletManager.java:180) ~[na:na]
	at org.eclipse.equinox.http.servlet.internal.HttpServiceRuntimeImpl$LegacyServlet.service(HttpServiceRuntimeImpl.java:1232) ~[na:na]
	at org.eclipse.equinox.http.servlet.internal.registration.EndpointRegistration.service(EndpointRegistration.java:153) ~[na:na]
	at org.eclipse.equinox.http.servlet.internal.servlet.ResponseStateHandler.processRequest(ResponseStateHandler.java:63) ~[na:na]
	at org.eclipse.equinox.http.servlet.internal.context.DispatchTargets.doDispatch(DispatchTargets.java:98) ~[na:na]
	at org.eclipse.equinox.http.servlet.internal.HttpServiceRuntimeImpl.doDispatch(HttpServiceRuntimeImpl.java:372) ~[na:na]
	at org.eclipse.equinox.http.servlet.internal.servlet.ProxyServlet.service(ProxyServlet.java:70) ~[na:na]
	at javax.servlet.http.HttpServlet.service(HttpServlet.java:790) ~[javax.servlet_3.1.0.v201410161800.jar:3.1.0]
	at org.eclipse.equinox.http.jetty.internal.HttpServerManager$InternalHttpServiceServlet.service(HttpServerManager.java:357) ~[na:na]
	at org.eclipse.jetty.servlet.ServletHolder.handle(ServletHolder.java:808) ~[na:na]
	at org.eclipse.jetty.servlet.ServletHandler.doHandle(ServletHandler.java:587) ~[na:na]
	at org.eclipse.jetty.server.session.SessionHandler.doHandle(SessionHandler.java:221) ~[org.eclipse.jetty.server_9.2.13.v20150730.jar:9.2.13.v20150730]
	at org.eclipse.jetty.server.handler.ContextHandler.doHandle(ContextHandler.java:1127) ~[org.eclipse.jetty.server_9.2.13.v20150730.jar:9.2.13.v20150730]
	at org.eclipse.jetty.servlet.ServletHandler.doScope(ServletHandler.java:515) ~[na:na]
	at org.eclipse.jetty.server.session.SessionHandler.doScope(SessionHandler.java:185) ~[org.eclipse.jetty.server_9.2.13.v20150730.jar:9.2.13.v20150730]
	at org.eclipse.jetty.server.handler.ContextHandler.doScope(ContextHandler.java:1061) ~[org.eclipse.jetty.server_9.2.13.v20150730.jar:9.2.13.v20150730]
	at org.eclipse.jetty.server.handler.ScopedHandler.handle(ScopedHandler.java:141) ~[org.eclipse.jetty.server_9.2.13.v20150730.jar:9.2.13.v20150730]
	at org.eclipse.jetty.server.handler.HandlerWrapper.handle(HandlerWrapper.java:97) ~[org.eclipse.jetty.server_9.2.13.v20150730.jar:9.2.13.v20150730]
	at org.eclipse.jetty.server.Server.handle(Server.java:499) ~[org.eclipse.jetty.server_9.2.13.v20150730.jar:9.2.13.v20150730]
	at org.eclipse.jetty.server.HttpChannel.handle(HttpChannel.java:310) ~[org.eclipse.jetty.server_9.2.13.v20150730.jar:9.2.13.v20150730]
	at org.eclipse.jetty.server.HttpConnection.onFillable(HttpConnection.java:257) [org.eclipse.jetty.server_9.2.13.v20150730.jar:9.2.13.v20150730]
	at org.eclipse.jetty.io.AbstractConnection$2.run(AbstractConnection.java:540) [org.eclipse.jetty.io_9.2.13.v20150730.jar:9.2.13.v20150730]
	at org.eclipse.jetty.util.thread.QueuedThreadPool.runJob(QueuedThreadPool.java:635) [org.eclipse.jetty.util_9.2.13.v20150730.jar:9.2.13.v20150730]
	at org.eclipse.jetty.util.thread.QueuedThreadPool$3.run(QueuedThreadPool.java:555) [org.eclipse.jetty.util_9.2.13.v20150730.jar:9.2.13.v20150730]
	at java.lang.Thread.run(Unknown Source) [na:1.8.0_51]
Caused by: java.lang.NullPointerException: null
	at org.eclipse.wst.ws.internal.explorer.platform.wsdl.actions.WSDLPropertiesFormAction.processParsedResults(WSDLPropertiesFormAction.java:33) ~[na:na]
	at org.eclipse.wst.ws.internal.explorer.platform.wsdl.actions.SynchronizeFragmentViewsAction.processParsedResults(SynchronizeFragmentViewsAction.java:46) ~[na:na]
	at org.eclipse.wst.ws.internal.explorer.platform.actions.FormAction.populatePropertyTable(FormAction.java:38) ~[na:na]
	at org.apache.jsp.wsdl.actions.SynchronizeFragmentViewsActionJSP_jsp._jspService(org.apache.jsp.wsdl.actions.SynchronizeFragmentViewsActionJSP_jsp:77) ~[na:na]
	at org.apache.jasper.runtime.HttpJspBase.service(HttpJspBase.java:111) ~[na:na]
	at javax.servlet.http.HttpServlet.service(HttpServlet.java:790) ~[javax.servlet_3.1.0.v201410161800.jar:3.1.0]
	at org.apache.jasper.servlet.JspServletWrapper.service(JspServletWrapper.java:403) ~[na:na]
	... 30 common frames omitted
2017-01-10 13:17:18,869 [qtp867102358-147] WARN  o.eclipse.jetty.server.HttpChannel - Could not send response error 500: org.apache.jasper.JasperException: java.lang.NullPointerException
2017-01-10 13:31:00,193 [Framework stop] INFO  o.e.jetty.server.ServerConnector - Stopped ServerConnector@2e79cc2e{HTTP/1.1}{0.0.0.0:0}
2017-01-10 13:31:00,262 [Framework stop] INFO  o.e.j.server.handler.ContextHandler - Stopped o.e.j.s.ServletContextHandler@22e60287{/wse,null,UNAVAILABLE}
